<?xml version="1.0" encoding="UTF-8"?>
<!-- Generated by org.testng.reporters.JUnitReportReporter -->
<testsuite hostname="250G7SSD-8TH" failures="0" tests="1" name="com.inetbanking.testCases.TC1_Login" time="41.174" errors="0" timestamp="2024-03-07T20:10:11 IST" skipped="0">
  <testcase classname="com.inetbanking.testCases.TC1_Login" name="LoginTest" time="41.174"/>
</testsuite> <!-- com.inetbanking.testCases.TC1_Login -->
